<?xml version="1.0" encoding="UTF-8"?>
<coverage generated="1763442620">
  <project timestamp="1763442620" name="Clover Coverage">
    <package name="Galaxon\Collections">
      <file name="C:\Users\shaun\Projects\PHP\Galaxon\Collections\src\Collection.php">
        <class name="Galaxon\Collections\Collection" namespace="Galaxon\Collections">
          <metrics complexity="8" methods="8" coveredmethods="8" conditionals="0" coveredconditionals="0" statements="9" coveredstatements="9" elements="17" coveredelements="17"/>
        </class>
        <line num="51" type="method" name="__construct" visibility="public" complexity="1" crap="1" count="467"/>
        <line num="54" type="stmt" count="467"/>
        <line num="75" type="method" name="clear" visibility="public" complexity="1" crap="1" count="6"/>
        <line num="78" type="stmt" count="6"/>
        <line num="81" type="stmt" count="6"/>
        <line num="93" type="method" name="empty" visibility="public" complexity="1" crap="1" count="39"/>
        <line num="95" type="stmt" count="39"/>
        <line num="119" type="method" name="all" visibility="public" complexity="1" crap="1" count="8"/>
        <line num="121" type="stmt" count="8"/>
        <line num="135" type="method" name="any" visibility="public" complexity="1" crap="1" count="8"/>
        <line num="137" type="stmt" count="8"/>
        <line num="190" type="method" name="count" visibility="public" complexity="1" crap="1" count="213"/>
        <line num="193" type="stmt" count="213"/>
        <line num="205" type="method" name="__toString" visibility="public" complexity="1" crap="1" count="4"/>
        <line num="208" type="stmt" count="4"/>
        <line num="216" type="method" name="toArray" visibility="public" complexity="1" crap="1" count="11"/>
        <line num="218" type="stmt" count="11"/>
        <metrics loc="223" ncloc="95" classes="1" methods="8" coveredmethods="8" conditionals="0" coveredconditionals="0" statements="9" coveredstatements="9" elements="17" coveredelements="17"/>
      </file>
      <file name="C:\Users\shaun\Projects\PHP\Galaxon\Collections\src\Dictionary.php">
        <class name="Galaxon\Collections\Dictionary" namespace="Galaxon\Collections">
          <metrics complexity="59" methods="24" coveredmethods="24" conditionals="0" coveredconditionals="0" statements="127" coveredstatements="127" elements="151" coveredelements="151"/>
        </class>
        <line num="61" type="method" name="__construct" visibility="public" complexity="6" crap="6" count="166"/>
        <line num="67" type="stmt" count="166"/>
        <line num="68" type="stmt" count="166"/>
        <line num="71" type="stmt" count="166"/>
        <line num="72" type="stmt" count="166"/>
        <line num="75" type="stmt" count="166"/>
        <line num="77" type="stmt" count="16"/>
        <line num="78" type="stmt" count="11"/>
        <line num="80" type="stmt" count="16"/>
        <line num="81" type="stmt" count="11"/>
        <line num="85" type="stmt" count="16"/>
        <line num="101" type="method" name="combine" visibility="public" complexity="7" crap="7" count="14"/>
        <line num="104" type="stmt" count="14"/>
        <line num="105" type="stmt" count="14"/>
        <line num="108" type="stmt" count="14"/>
        <line num="109" type="stmt" count="14"/>
        <line num="110" type="stmt" count="14"/>
        <line num="111" type="stmt" count="1"/>
        <line num="115" type="stmt" count="13"/>
        <line num="116" type="stmt" count="13"/>
        <line num="118" type="stmt" count="12"/>
        <line num="121" type="stmt" count="12"/>
        <line num="122" type="stmt" count="2"/>
        <line num="126" type="stmt" count="12"/>
        <line num="129" type="stmt" count="12"/>
        <line num="130" type="stmt" count="11"/>
        <line num="131" type="stmt" count="11"/>
        <line num="135" type="stmt" count="12"/>
        <line num="139" type="stmt" count="11"/>
        <line num="154" type="method" name="checkKey" visibility="private" complexity="2" crap="2" count="59"/>
        <line num="157" type="stmt" count="59"/>
        <line num="160" type="stmt" count="58"/>
        <line num="163" type="stmt" count="58"/>
        <line num="164" type="stmt" count="3"/>
        <line num="167" type="stmt" count="55"/>
        <line num="179" type="method" name="keys" visibility="public" complexity="2" crap="2" count="12"/>
        <line num="181" type="stmt" count="12"/>
        <line num="182" type="stmt" count="12"/>
        <line num="184" type="stmt" count="11"/>
        <line num="186" type="stmt" count="12"/>
        <line num="194" type="method" name="values" visibility="public" complexity="2" crap="2" count="9"/>
        <line num="196" type="stmt" count="9"/>
        <line num="197" type="stmt" count="9"/>
        <line num="199" type="stmt" count="8"/>
        <line num="201" type="stmt" count="9"/>
        <line num="220" type="method" name="add" visibility="public" complexity="4" crap="4" count="107"/>
        <line num="223" type="stmt" count="107"/>
        <line num="224" type="stmt" count="107"/>
        <line num="225" type="stmt" count="2"/>
        <line num="226" type="stmt" count="1"/>
        <line num="227" type="stmt" count="1"/>
        <line num="229" type="stmt" count="1"/>
        <line num="231" type="stmt" count="105"/>
        <line num="232" type="stmt" count="104"/>
        <line num="234" type="stmt" count="1"/>
        <line num="238" type="stmt" count="105"/>
        <line num="239" type="stmt" count="103"/>
        <line num="242" type="stmt" count="102"/>
        <line num="245" type="stmt" count="102"/>
        <line num="255" type="method" name="import" visibility="public" complexity="2" crap="2" count="14"/>
        <line num="259" type="stmt" count="14"/>
        <line num="261" type="stmt" count="13"/>
        <line num="264" type="stmt" count="11"/>
        <line num="275" type="method" name="removeByKey" visibility="public" complexity="1" crap="1" count="4"/>
        <line num="278" type="stmt" count="4"/>
        <line num="282" type="stmt" count="2"/>
        <line num="285" type="stmt" count="2"/>
        <line num="288" type="stmt" count="2"/>
        <line num="291" type="stmt" count="2"/>
        <line num="301" type="method" name="removeByValue" visibility="public" complexity="3" crap="3" count="2"/>
        <line num="304" type="stmt" count="2"/>
        <line num="307" type="stmt" count="2"/>
        <line num="310" type="stmt" count="2"/>
        <line num="312" type="stmt" count="2"/>
        <line num="313" type="stmt" count="1"/>
        <line num="314" type="stmt" count="1"/>
        <line num="319" type="stmt" count="2"/>
        <line num="335" type="method" name="contains" visibility="public" complexity="3" crap="3" count="5"/>
        <line num="338" type="stmt" count="5"/>
        <line num="340" type="stmt" count="5"/>
        <line num="341" type="stmt" count="3"/>
        <line num="344" type="stmt" count="3"/>
        <line num="364" type="method" name="equals" visibility="public" complexity="6" crap="6" count="6"/>
        <line num="368" type="stmt" count="6"/>
        <line num="369" type="stmt" count="1"/>
        <line num="375" type="stmt" count="5"/>
        <line num="376" type="stmt" count="5"/>
        <line num="377" type="stmt" count="5"/>
        <line num="378" type="stmt" count="2"/>
        <line num="382" type="stmt" count="3"/>
        <line num="384" type="stmt" count="2"/>
        <line num="386" type="stmt" count="2"/>
        <line num="387" type="stmt" count="2"/>
        <line num="388" type="stmt" count="1"/>
        <line num="391" type="stmt" count="2"/>
        <line num="403" type="method" name="keyExists" visibility="public" complexity="1" crap="1" count="10"/>
        <line num="405" type="stmt" count="10"/>
        <line num="419" type="method" name="sort" visibility="public" complexity="1" crap="1" count="13"/>
        <line num="421" type="stmt" count="13"/>
        <line num="422" type="stmt" count="13"/>
        <line num="432" type="method" name="sortByKey" visibility="public" complexity="1" crap="1" count="7"/>
        <line num="434" type="stmt" count="7"/>
        <line num="435" type="stmt" count="7"/>
        <line num="445" type="method" name="sortByValue" visibility="public" complexity="1" crap="1" count="6"/>
        <line num="447" type="stmt" count="6"/>
        <line num="448" type="stmt" count="6"/>
        <line num="463" type="method" name="flip" visibility="public" complexity="3" crap="3" count="3"/>
        <line num="466" type="stmt" count="3"/>
        <line num="469" type="stmt" count="3"/>
        <line num="473" type="stmt" count="2"/>
        <line num="474" type="stmt" count="1"/>
        <line num="478" type="stmt" count="2"/>
        <line num="482" type="stmt" count="2"/>
        <line num="494" type="method" name="merge" visibility="public" complexity="3" crap="3" count="4"/>
        <line num="497" type="stmt" count="4"/>
        <line num="498" type="stmt" count="4"/>
        <line num="499" type="stmt" count="4"/>
        <line num="502" type="stmt" count="4"/>
        <line num="504" type="stmt" count="4"/>
        <line num="508" type="stmt" count="4"/>
        <line num="510" type="stmt" count="3"/>
        <line num="513" type="stmt" count="4"/>
        <line num="532" type="method" name="filter" visibility="public" complexity="4" crap="4" count="8"/>
        <line num="536" type="stmt" count="8"/>
        <line num="539" type="stmt" count="8"/>
        <line num="543" type="stmt" count="7"/>
        <line num="546" type="stmt" count="7"/>
        <line num="547" type="stmt" count="1"/>
        <line num="551" type="stmt" count="6"/>
        <line num="552" type="stmt" count="5"/>
        <line num="556" type="stmt" count="7"/>
        <line num="569" type="method" name="offsetExists" visibility="public" complexity="1" crap="1" count="26"/>
        <line num="573" type="stmt" count="26"/>
        <line num="576" type="stmt" count="26"/>
        <line num="587" type="method" name="offsetGet" visibility="public" complexity="1" crap="1" count="55"/>
        <line num="591" type="stmt" count="55"/>
        <line num="595" type="stmt" count="54"/>
        <line num="598" type="stmt" count="54"/>
        <line num="620" type="method" name="offsetSet" visibility="public" complexity="1" crap="1" count="141"/>
        <line num="624" type="stmt" count="141"/>
        <line num="625" type="stmt" count="138"/>
        <line num="628" type="stmt" count="135"/>
        <line num="631" type="stmt" count="135"/>
        <line num="642" type="method" name="offsetUnset" visibility="public" complexity="1" crap="1" count="4"/>
        <line num="646" type="stmt" count="4"/>
        <line num="649" type="stmt" count="3"/>
        <line num="661" type="method" name="toSequence" visibility="public" complexity="1" crap="1" count="4"/>
        <line num="663" type="stmt" count="4"/>
        <line num="675" type="method" name="getIterator" visibility="public" complexity="2" crap="2" count="17"/>
        <line num="679" type="stmt" count="17"/>
        <line num="681" type="stmt" count="16"/>
        <metrics loc="687" ncloc="353" classes="1" methods="24" coveredmethods="24" conditionals="0" coveredconditionals="0" statements="127" coveredstatements="127" elements="151" coveredelements="151"/>
      </file>
      <file name="C:\Users\shaun\Projects\PHP\Galaxon\Collections\src\KeyValuePair.php">
        <class name="Galaxon\Collections\KeyValuePair" namespace="Galaxon\Collections">
          <metrics complexity="1" methods="1" coveredmethods="1" conditionals="0" coveredconditionals="0" statements="1" coveredstatements="1" elements="2" coveredelements="2"/>
        </class>
        <line num="22" type="method" name="__construct" visibility="public" complexity="1" crap="1" count="15"/>
        <line num="24" type="stmt" count="15"/>
        <metrics loc="26" ncloc="13" classes="1" methods="1" coveredmethods="1" conditionals="0" coveredconditionals="0" statements="1" coveredstatements="1" elements="2" coveredelements="2"/>
      </file>
      <file name="C:\Users\shaun\Projects\PHP\Galaxon\Collections\src\Sequence.php">
        <class name="Galaxon\Collections\Sequence" namespace="Galaxon\Collections">
          <metrics complexity="104" methods="49" coveredmethods="49" conditionals="0" coveredconditionals="0" statements="199" coveredstatements="199" elements="248" coveredelements="248"/>
        </class>
        <line num="113" type="method" name="__construct" visibility="public" complexity="7" crap="7" count="179"/>
        <line num="119" type="stmt" count="179"/>
        <line num="122" type="stmt" count="179"/>
        <line num="125" type="stmt" count="179"/>
        <line num="127" type="stmt" count="38"/>
        <line num="128" type="stmt" count="20"/>
        <line num="132" type="stmt" count="38"/>
        <line num="139" type="stmt" count="178"/>
        <line num="141" type="stmt" count="170"/>
        <line num="143" type="stmt" count="4"/>
        <line num="145" type="stmt" count="22"/>
        <line num="147" type="stmt" count="1"/>
        <line num="148" type="stmt" count="1"/>
        <line num="149" type="stmt" count="1"/>
        <line num="150" type="stmt" count="1"/>
        <line num="151" type="stmt" count="1"/>
        <line num="155" type="stmt" count="177"/>
        <line num="180" type="method" name="range" visibility="public" complexity="13" crap="13" count="6"/>
        <line num="183" type="stmt" count="6"/>
        <line num="184" type="stmt" count="1"/>
        <line num="186" type="stmt" count="5"/>
        <line num="187" type="stmt" count="1"/>
        <line num="189" type="stmt" count="4"/>
        <line num="190" type="stmt" count="1"/>
        <line num="194" type="stmt" count="3"/>
        <line num="197" type="stmt" count="3"/>
        <line num="200" type="stmt" count="3"/>
        <line num="201" type="stmt" count="1"/>
        <line num="205" type="stmt" count="3"/>
        <line num="207" type="stmt" count="2"/>
        <line num="208" type="stmt" count="2"/>
        <line num="212" type="stmt" count="1"/>
        <line num="213" type="stmt" count="1"/>
        <line num="218" type="stmt" count="3"/>
        <line num="233" type="method" name="checkIndex" visibility="private" complexity="5" crap="5" count="59"/>
        <line num="236" type="stmt" count="59"/>
        <line num="237" type="stmt" count="1"/>
        <line num="241" type="stmt" count="58"/>
        <line num="242" type="stmt" count="2"/>
        <line num="246" type="stmt" count="56"/>
        <line num="247" type="stmt" count="2"/>
        <line num="259" type="method" name="getDefaultValue" visibility="private" complexity="2" crap="2" count="5"/>
        <line num="261" type="stmt" count="5"/>
        <line num="271" type="method" name="fromSubset" visibility="private" complexity="1" crap="1" count="14"/>
        <line num="274" type="stmt" count="14"/>
        <line num="295" type="method" name="append" visibility="public" complexity="2" crap="2" count="147"/>
        <line num="297" type="stmt" count="147"/>
        <line num="299" type="stmt" count="147"/>
        <line num="302" type="stmt" count="144"/>
        <line num="306" type="stmt" count="144"/>
        <line num="326" type="method" name="prepend" visibility="public" complexity="2" crap="2" count="2"/>
        <line num="329" type="stmt" count="2"/>
        <line num="330" type="stmt" count="2"/>
        <line num="333" type="stmt" count="2"/>
        <line num="336" type="stmt" count="2"/>
        <line num="340" type="stmt" count="2"/>
        <line num="353" type="method" name="insert" visibility="public" complexity="3" crap="3" count="4"/>
        <line num="356" type="stmt" count="4"/>
        <line num="359" type="stmt" count="4"/>
        <line num="363" type="stmt" count="3"/>
        <line num="364" type="stmt" count="3"/>
        <line num="365" type="stmt" count="1"/>
        <line num="366" type="stmt" count="1"/>
        <line num="370" type="stmt" count="2"/>
        <line num="371" type="stmt" count="2"/>
        <line num="375" type="stmt" count="2"/>
        <line num="378" type="stmt" count="2"/>
        <line num="388" type="method" name="import" visibility="public" complexity="1" crap="1" count="13"/>
        <line num="392" type="stmt" count="13"/>
        <line num="395" type="stmt" count="11"/>
        <line num="414" type="method" name="removeByIndex" visibility="public" complexity="1" crap="1" count="2"/>
        <line num="417" type="stmt" count="2"/>
        <line num="420" type="stmt" count="1"/>
        <line num="423" type="stmt" count="1"/>
        <line num="434" type="method" name="removeByValue" visibility="public" complexity="1" crap="1" count="2"/>
        <line num="437" type="stmt" count="2"/>
        <line num="440" type="stmt" count="2"/>
        <line num="441" type="stmt" count="2"/>
        <line num="442" type="stmt" count="2"/>
        <line num="443" type="stmt" count="2"/>
        <line num="446" type="stmt" count="2"/>
        <line num="457" type="method" name="removeFirst" visibility="public" complexity="2" crap="2" count="2"/>
        <line num="460" type="stmt" count="2"/>
        <line num="461" type="stmt" count="1"/>
        <line num="465" type="stmt" count="1"/>
        <line num="476" type="method" name="removeLast" visibility="public" complexity="2" crap="2" count="2"/>
        <line num="479" type="stmt" count="2"/>
        <line num="480" type="stmt" count="1"/>
        <line num="484" type="stmt" count="1"/>
        <line num="500" type="method" name="contains" visibility="public" complexity="1" crap="1" count="8"/>
        <line num="503" type="stmt" count="8"/>
        <line num="522" type="method" name="equals" visibility="public" complexity="3" crap="3" count="12"/>
        <line num="526" type="stmt" count="12"/>
        <line num="527" type="stmt" count="2"/>
        <line num="531" type="stmt" count="10"/>
        <line num="532" type="stmt" count="10"/>
        <line num="545" type="method" name="indexExists" visibility="public" complexity="1" crap="1" count="1"/>
        <line num="547" type="stmt" count="1"/>
        <line num="560" type="method" name="first" visibility="public" complexity="2" crap="2" count="2"/>
        <line num="563" type="stmt" count="2"/>
        <line num="564" type="stmt" count="1"/>
        <line num="568" type="stmt" count="1"/>
        <line num="577" type="method" name="last" visibility="public" complexity="2" crap="2" count="2"/>
        <line num="580" type="stmt" count="2"/>
        <line num="581" type="stmt" count="1"/>
        <line num="585" type="stmt" count="1"/>
        <line num="604" type="method" name="slice" visibility="public" complexity="1" crap="1" count="3"/>
        <line num="607" type="stmt" count="3"/>
        <line num="610" type="stmt" count="3"/>
        <line num="622" type="method" name="search" visibility="public" complexity="2" crap="2" count="3"/>
        <line num="625" type="stmt" count="3"/>
        <line num="626" type="stmt" count="3"/>
        <line num="639" type="method" name="find" visibility="public" complexity="1" crap="1" count="2"/>
        <line num="641" type="stmt" count="2"/>
        <line num="657" type="method" name="sort" visibility="public" complexity="1" crap="1" count="2"/>
        <line num="660" type="stmt" count="2"/>
        <line num="661" type="stmt" count="2"/>
        <line num="664" type="stmt" count="2"/>
        <line num="676" type="method" name="sortReverse" visibility="public" complexity="1" crap="1" count="1"/>
        <line num="679" type="stmt" count="1"/>
        <line num="680" type="stmt" count="1"/>
        <line num="683" type="stmt" count="1"/>
        <line num="695" type="method" name="sortBy" visibility="public" complexity="1" crap="1" count="1"/>
        <line num="698" type="stmt" count="1"/>
        <line num="699" type="stmt" count="1"/>
        <line num="702" type="stmt" count="1"/>
        <line num="720" type="method" name="chunk" visibility="public" complexity="3" crap="3" count="3"/>
        <line num="723" type="stmt" count="3"/>
        <line num="724" type="stmt" count="1"/>
        <line num="728" type="stmt" count="2"/>
        <line num="731" type="stmt" count="2"/>
        <line num="732" type="stmt" count="2"/>
        <line num="733" type="stmt" count="2"/>
        <line num="736" type="stmt" count="2"/>
        <line num="747" type="method" name="countValues" visibility="public" complexity="2" crap="2" count="2"/>
        <line num="750" type="stmt" count="2"/>
        <line num="753" type="stmt" count="2"/>
        <line num="755" type="stmt" count="2"/>
        <line num="756" type="stmt" count="2"/>
        <line num="759" type="stmt" count="2"/>
        <line num="773" type="method" name="fill" visibility="public" complexity="2" crap="2" count="2"/>
        <line num="776" type="stmt" count="2"/>
        <line num="777" type="stmt" count="2"/>
        <line num="780" type="stmt" count="2"/>
        <line num="792" type="method" name="filter" visibility="public" complexity="1" crap="1" count="2"/>
        <line num="796" type="stmt" count="2"/>
        <line num="799" type="stmt" count="2"/>
        <line num="808" type="method" name="map" visibility="public" complexity="1" crap="1" count="2"/>
        <line num="811" type="stmt" count="2"/>
        <line num="814" type="stmt" count="2"/>
        <line num="823" type="method" name="merge" visibility="public" complexity="1" crap="1" count="1"/>
        <line num="826" type="stmt" count="1"/>
        <line num="829" type="stmt" count="1"/>
        <line num="837" type="method" name="reverse" visibility="public" complexity="1" crap="1" count="1"/>
        <line num="840" type="stmt" count="1"/>
        <line num="843" type="stmt" count="1"/>
        <line num="854" type="method" name="unique" visibility="public" complexity="1" crap="1" count="1"/>
        <line num="857" type="stmt" count="1"/>
        <line num="860" type="stmt" count="1"/>
        <line num="874" type="method" name="reduce" visibility="public" complexity="2" crap="2" count="27"/>
        <line num="877" type="stmt" count="27"/>
        <line num="878" type="stmt" count="27"/>
        <line num="879" type="stmt" count="25"/>
        <line num="881" type="stmt" count="25"/>
        <line num="890" type="method" name="product" visibility="public" complexity="1" crap="1" count="7"/>
        <line num="895" type="stmt" count="7"/>
        <line num="897" type="stmt" count="7"/>
        <line num="906" type="method" name="sum" visibility="public" complexity="1" crap="1" count="12"/>
        <line num="911" type="stmt" count="12"/>
        <line num="913" type="stmt" count="12"/>
        <line num="923" type="method" name="min" visibility="public" complexity="2" crap="2" count="4"/>
        <line num="926" type="stmt" count="4"/>
        <line num="927" type="stmt" count="1"/>
        <line num="933" type="stmt" count="3"/>
        <line num="935" type="stmt" count="3"/>
        <line num="945" type="method" name="max" visibility="public" complexity="2" crap="2" count="4"/>
        <line num="948" type="stmt" count="4"/>
        <line num="949" type="stmt" count="1"/>
        <line num="955" type="stmt" count="3"/>
        <line num="957" type="stmt" count="3"/>
        <line num="966" type="method" name="average" visibility="public" complexity="2" crap="2" count="5"/>
        <line num="969" type="stmt" count="5"/>
        <line num="970" type="stmt" count="1"/>
        <line num="974" type="stmt" count="4"/>
        <line num="987" type="method" name="join" visibility="public" complexity="4" crap="4" count="4"/>
        <line num="990" type="stmt" count="4"/>
        <line num="991" type="stmt" count="4"/>
        <line num="992" type="stmt" count="1"/>
        <line num="993" type="stmt" count="1"/>
        <line num="994" type="stmt" count="1"/>
        <line num="995" type="stmt" count="1"/>
        <line num="999" type="stmt" count="3"/>
        <line num="1016" type="method" name="chooseRandIndexes" visibility="private" complexity="5" crap="5" count="7"/>
        <line num="1019" type="stmt" count="7"/>
        <line num="1020" type="stmt" count="1"/>
        <line num="1022" type="stmt" count="6"/>
        <line num="1023" type="stmt" count="1"/>
        <line num="1025" type="stmt" count="5"/>
        <line num="1026" type="stmt" count="1"/>
        <line num="1030" type="stmt" count="4"/>
        <line num="1034" type="stmt" count="4"/>
        <line num="1035" type="stmt" count="2"/>
        <line num="1039" type="stmt" count="4"/>
        <line num="1059" type="method" name="chooseRand" visibility="public" complexity="2" crap="2" count="5"/>
        <line num="1062" type="stmt" count="5"/>
        <line num="1065" type="stmt" count="2"/>
        <line num="1066" type="stmt" count="2"/>
        <line num="1067" type="stmt" count="2"/>
        <line num="1069" type="stmt" count="2"/>
        <line num="1082" type="method" name="removeRand" visibility="public" complexity="2" crap="2" count="2"/>
        <line num="1085" type="stmt" count="2"/>
        <line num="1088" type="stmt" count="2"/>
        <line num="1091" type="stmt" count="2"/>
        <line num="1092" type="stmt" count="2"/>
        <line num="1094" type="stmt" count="2"/>
        <line num="1097" type="stmt" count="2"/>
        <line num="1101" type="stmt" count="2"/>
        <line num="1104" type="stmt" count="2"/>
        <line num="1118" type="method" name="offsetExists" visibility="public" complexity="2" crap="2" count="3"/>
        <line num="1122" type="stmt" count="3"/>
        <line num="1123" type="stmt" count="1"/>
        <line num="1126" type="stmt" count="2"/>
        <line num="1137" type="method" name="offsetGet" visibility="public" complexity="1" crap="1" count="55"/>
        <line num="1141" type="stmt" count="55"/>
        <line num="1145" type="stmt" count="54"/>
        <line num="1161" type="method" name="offsetSet" visibility="public" complexity="3" crap="3" count="10"/>
        <line num="1165" type="stmt" count="10"/>
        <line num="1167" type="stmt" count="9"/>
        <line num="1171" type="stmt" count="1"/>
        <line num="1176" type="stmt" count="8"/>
        <line num="1179" type="stmt" count="6"/>
        <line num="1180" type="stmt" count="6"/>
        <line num="1181" type="stmt" count="3"/>
        <line num="1186" type="stmt" count="6"/>
        <line num="1205" type="method" name="offsetUnset" visibility="public" complexity="1" crap="1" count="2"/>
        <line num="1209" type="stmt" count="2"/>
        <line num="1213" type="stmt" count="2"/>
        <line num="1225" type="method" name="toDictionary" visibility="public" complexity="2" crap="2" count="2"/>
        <line num="1228" type="stmt" count="2"/>
        <line num="1231" type="stmt" count="2"/>
        <line num="1232" type="stmt" count="2"/>
        <line num="1236" type="stmt" count="2"/>
        <line num="1244" type="method" name="toSet" visibility="public" complexity="1" crap="1" count="2"/>
        <line num="1247" type="stmt" count="2"/>
        <line num="1250" type="stmt" count="2"/>
        <line num="1253" type="stmt" count="2"/>
        <line num="1265" type="method" name="getIterator" visibility="public" complexity="1" crap="1" count="3"/>
        <line num="1268" type="stmt" count="3"/>
        <metrics loc="1273" ncloc="574" classes="1" methods="49" coveredmethods="49" conditionals="0" coveredconditionals="0" statements="199" coveredstatements="199" elements="248" coveredelements="248"/>
      </file>
      <file name="C:\Users\shaun\Projects\PHP\Galaxon\Collections\src\Set.php">
        <class name="Galaxon\Collections\Set" namespace="Galaxon\Collections">
          <metrics complexity="36" methods="18" coveredmethods="18" conditionals="0" coveredconditionals="0" statements="58" coveredstatements="58" elements="76" coveredelements="76"/>
        </class>
        <line num="39" type="method" name="__construct" visibility="public" complexity="4" crap="4" count="122"/>
        <line num="42" type="stmt" count="122"/>
        <line num="45" type="stmt" count="122"/>
        <line num="47" type="stmt" count="122"/>
        <line num="49" type="stmt" count="13"/>
        <line num="50" type="stmt" count="9"/>
        <line num="54" type="stmt" count="13"/>
        <line num="71" type="method" name="add" visibility="public" complexity="3" crap="3" count="103"/>
        <line num="74" type="stmt" count="103"/>
        <line num="76" type="stmt" count="103"/>
        <line num="79" type="stmt" count="101"/>
        <line num="80" type="stmt" count="101"/>
        <line num="81" type="stmt" count="101"/>
        <line num="86" type="stmt" count="100"/>
        <line num="98" type="method" name="import" visibility="public" complexity="1" crap="1" count="6"/>
        <line num="102" type="stmt" count="6"/>
        <line num="105" type="stmt" count="5"/>
        <line num="116" type="method" name="remove" visibility="public" complexity="2" crap="2" count="6"/>
        <line num="119" type="stmt" count="6"/>
        <line num="120" type="stmt" count="6"/>
        <line num="122" type="stmt" count="4"/>
        <line num="123" type="stmt" count="4"/>
        <line num="126" type="stmt" count="2"/>
        <line num="141" type="method" name="union" visibility="public" complexity="1" crap="1" count="6"/>
        <line num="147" type="stmt" count="6"/>
        <line num="148" type="stmt" count="6"/>
        <line num="151" type="stmt" count="6"/>
        <line num="153" type="stmt" count="6"/>
        <line num="163" type="method" name="intersect" visibility="public" complexity="3" crap="3" count="6"/>
        <line num="166" type="stmt" count="6"/>
        <line num="169" type="stmt" count="6"/>
        <line num="170" type="stmt" count="6"/>
        <line num="171" type="stmt" count="4"/>
        <line num="176" type="stmt" count="6"/>
        <line num="186" type="method" name="diff" visibility="public" complexity="3" crap="3" count="7"/>
        <line num="189" type="stmt" count="7"/>
        <line num="192" type="stmt" count="7"/>
        <line num="193" type="stmt" count="7"/>
        <line num="194" type="stmt" count="6"/>
        <line num="199" type="stmt" count="7"/>
        <line num="215" type="method" name="contains" visibility="public" complexity="1" crap="1" count="48"/>
        <line num="218" type="stmt" count="48"/>
        <line num="238" type="method" name="equals" visibility="public" complexity="3" crap="3" count="7"/>
        <line num="242" type="stmt" count="7"/>
        <line num="243" type="stmt" count="2"/>
        <line num="247" type="stmt" count="5"/>
        <line num="256" type="method" name="isSubsetOf" visibility="public" complexity="1" crap="1" count="15"/>
        <line num="258" type="stmt" count="15"/>
        <line num="267" type="method" name="isProperSubsetOf" visibility="public" complexity="2" crap="2" count="6"/>
        <line num="269" type="stmt" count="6"/>
        <line num="278" type="method" name="isSupersetOf" visibility="public" complexity="1" crap="1" count="3"/>
        <line num="280" type="stmt" count="3"/>
        <line num="289" type="method" name="isProperSupersetOf" visibility="public" complexity="1" crap="1" count="3"/>
        <line num="291" type="stmt" count="3"/>
        <line num="300" type="method" name="isDisjointFrom" visibility="public" complexity="1" crap="1" count="4"/>
        <line num="302" type="stmt" count="4"/>
        <line num="325" type="method" name="filter" visibility="public" complexity="4" crap="4" count="9"/>
        <line num="329" type="stmt" count="9"/>
        <line num="332" type="stmt" count="9"/>
        <line num="334" type="stmt" count="8"/>
        <line num="337" type="stmt" count="8"/>
        <line num="338" type="stmt" count="1"/>
        <line num="342" type="stmt" count="7"/>
        <line num="343" type="stmt" count="6"/>
        <line num="347" type="stmt" count="8"/>
        <line num="361" type="method" name="__toString" visibility="public" complexity="1" crap="1" count="4"/>
        <line num="363" type="stmt" count="4"/>
        <line num="364" type="stmt" count="4"/>
        <line num="376" type="method" name="toSequence" visibility="public" complexity="2" crap="2" count="5"/>
        <line num="379" type="stmt" count="5"/>
        <line num="382" type="stmt" count="5"/>
        <line num="383" type="stmt" count="4"/>
        <line num="387" type="stmt" count="5"/>
        <line num="399" type="method" name="getIterator" visibility="public" complexity="2" crap="2" count="5"/>
        <line num="405" type="stmt" count="5"/>
        <line num="406" type="stmt" count="5"/>
        <metrics loc="412" ncloc="203" classes="1" methods="18" coveredmethods="18" conditionals="0" coveredconditionals="0" statements="58" coveredstatements="58" elements="76" coveredelements="76"/>
      </file>
      <file name="C:\Users\shaun\Projects\PHP\Galaxon\Collections\src\TypeSet.php">
        <class name="Galaxon\Collections\TypeSet" namespace="Galaxon\Collections">
          <metrics complexity="68" methods="23" coveredmethods="23" conditionals="0" coveredconditionals="0" statements="83" coveredstatements="83" elements="106" coveredelements="106"/>
        </class>
        <line num="94" type="method" name="__construct" visibility="public" complexity="2" crap="2" count="66"/>
        <line num="97" type="stmt" count="66"/>
        <line num="98" type="stmt" count="50"/>
        <line num="114" type="method" name="match" visibility="public" complexity="23" crap="23" count="18"/>
        <line num="117" type="stmt" count="18"/>
        <line num="118" type="stmt" count="2"/>
        <line num="127" type="stmt" count="16"/>
        <line num="128" type="stmt" count="5"/>
        <line num="132" type="stmt" count="15"/>
        <line num="133" type="stmt" count="1"/>
        <line num="137" type="stmt" count="15"/>
        <line num="138" type="stmt" count="1"/>
        <line num="142" type="stmt" count="15"/>
        <line num="143" type="stmt" count="1"/>
        <line num="147" type="stmt" count="15"/>
        <line num="148" type="stmt" count="1"/>
        <line num="152" type="stmt" count="15"/>
        <line num="153" type="stmt" count="1"/>
        <line num="157" type="stmt" count="15"/>
        <line num="158" type="stmt" count="1"/>
        <line num="162" type="stmt" count="15"/>
        <line num="164" type="stmt" count="5"/>
        <line num="165" type="stmt" count="1"/>
        <line num="169" type="stmt" count="4"/>
        <line num="173" type="stmt" count="4"/>
        <line num="174" type="stmt" count="2"/>
        <line num="178" type="stmt" count="3"/>
        <line num="179" type="stmt" count="1"/>
        <line num="184" type="stmt" count="14"/>
        <line num="194" type="method" name="check" visibility="public" complexity="3" crap="3" count="3"/>
        <line num="196" type="stmt" count="3"/>
        <line num="197" type="stmt" count="2"/>
        <line num="198" type="stmt" count="2"/>
        <line num="208" type="method" name="tryInferDefaultValue" visibility="public" complexity="7" crap="7" count="14"/>
        <line num="210" type="stmt" count="14"/>
        <line num="211" type="stmt" count="2"/>
        <line num="212" type="stmt" count="12"/>
        <line num="213" type="stmt" count="2"/>
        <line num="214" type="stmt" count="10"/>
        <line num="215" type="stmt" count="4"/>
        <line num="216" type="stmt" count="6"/>
        <line num="217" type="stmt" count="1"/>
        <line num="218" type="stmt" count="5"/>
        <line num="219" type="stmt" count="1"/>
        <line num="220" type="stmt" count="4"/>
        <line num="221" type="stmt" count="2"/>
        <line num="223" type="stmt" count="2"/>
        <line num="226" type="stmt" count="12"/>
        <line num="242" type="method" name="normalizeTypeName" visibility="private" complexity="1" crap="1" count="61"/>
        <line num="244" type="stmt" count="61"/>
        <line num="253" type="method" name="isBasicType" visibility="private" complexity="1" crap="1" count="60"/>
        <line num="255" type="stmt" count="60"/>
        <line num="256" type="stmt" count="60"/>
        <line num="265" type="method" name="isPseudoType" visibility="private" complexity="1" crap="1" count="23"/>
        <line num="267" type="stmt" count="23"/>
        <line num="268" type="stmt" count="23"/>
        <line num="283" type="method" name="isResourceType" visibility="private" complexity="1" crap="1" count="10"/>
        <line num="285" type="stmt" count="10"/>
        <line num="299" type="method" name="isClassType" visibility="private" complexity="1" crap="1" count="9"/>
        <line num="301" type="stmt" count="9"/>
        <line num="302" type="stmt" count="9"/>
        <line num="314" type="method" name="isValid" visibility="private" complexity="5" crap="5" count="60"/>
        <line num="316" type="stmt" count="60"/>
        <line num="317" type="stmt" count="60"/>
        <line num="318" type="stmt" count="60"/>
        <line num="335" type="method" name="addType" visibility="private" complexity="3" crap="3" count="60"/>
        <line num="338" type="stmt" count="60"/>
        <line num="341" type="stmt" count="60"/>
        <line num="342" type="stmt" count="2"/>
        <line num="346" type="stmt" count="58"/>
        <line num="347" type="stmt" count="58"/>
        <line num="351" type="stmt" count="58"/>
        <line num="362" type="method" name="add" visibility="public" complexity="6" crap="6" count="58"/>
        <line num="365" type="stmt" count="58"/>
        <line num="366" type="stmt" count="55"/>
        <line num="370" type="stmt" count="58"/>
        <line num="372" type="stmt" count="58"/>
        <line num="373" type="stmt" count="1"/>
        <line num="379" type="stmt" count="57"/>
        <line num="382" type="stmt" count="57"/>
        <line num="384" type="stmt" count="5"/>
        <line num="385" type="stmt" count="5"/>
        <line num="388" type="stmt" count="52"/>
        <line num="393" type="stmt" count="55"/>
        <line num="403" type="method" name="addValueType" visibility="public" complexity="1" crap="1" count="3"/>
        <line num="405" type="stmt" count="3"/>
        <line num="418" type="method" name="contains" visibility="public" complexity="1" crap="1" count="54"/>
        <line num="420" type="stmt" count="54"/>
        <line num="429" type="method" name="containsAll" visibility="public" complexity="1" crap="1" count="8"/>
        <line num="431" type="stmt" count="8"/>
        <line num="440" type="method" name="containsAny" visibility="public" complexity="1" crap="1" count="11"/>
        <line num="442" type="stmt" count="11"/>
        <line num="451" type="method" name="containsOnly" visibility="public" complexity="2" crap="2" count="1"/>
        <line num="453" type="stmt" count="1"/>
        <line num="461" type="method" name="empty" visibility="public" complexity="1" crap="1" count="39"/>
        <line num="463" type="stmt" count="39"/>
        <line num="471" type="method" name="anyOk" visibility="public" complexity="2" crap="2" count="36"/>
        <line num="473" type="stmt" count="36"/>
        <line num="481" type="method" name="nullOk" visibility="public" complexity="2" crap="2" count="18"/>
        <line num="483" type="stmt" count="18"/>
        <line num="495" type="method" name="count" visibility="public" complexity="1" crap="1" count="13"/>
        <line num="497" type="stmt" count="13"/>
        <line num="509" type="method" name="__toString" visibility="public" complexity="1" crap="1" count="1"/>
        <line num="511" type="stmt" count="1"/>
        <line num="523" type="method" name="getIterator" visibility="public" complexity="1" crap="1" count="1"/>
        <line num="525" type="stmt" count="1"/>
        <metrics loc="530" ncloc="256" classes="1" methods="23" coveredmethods="23" conditionals="0" coveredconditionals="0" statements="83" coveredstatements="83" elements="106" coveredelements="106"/>
      </file>
    </package>
    <metrics files="6" loc="3151" ncloc="1494" classes="6" methods="123" coveredmethods="123" conditionals="0" coveredconditionals="0" statements="477" coveredstatements="477" elements="600" coveredelements="600"/>
  </project>
</coverage>
